2017-06-15 09:34:00,063 INFO 42511 [egg-logrotator] app logger reload: got log-reload message
2017-06-15 10:50:36,952 INFO 44153 [egg:logger] init all loggers with options: {"dir":"/Applications/邓肯21/FE/egg-example/logs/goddess","encoding":"utf8","env":"local","level":"INFO","consoleLevel":"INFO","outputJSON":false,"buffer":true,"appLogName":"goddess-web.log","coreLogName":"egg-web.log","agentLogName":"egg-agent.log","errorLogName":"common-error.log","coreLogger":{"consoleLevel":"WARN"},"type":"application"}
2017-06-15 10:50:37,058 INFO 44153 [egg-schedule]: register schedule egg-schedule:/Applications/邓肯21/FE/egg-example/node_modules/egg-logrotator/app/schedule/clean_log.js
2017-06-15 10:50:37,059 INFO 44153 [egg-schedule]: register schedule egg-schedule:/Applications/邓肯21/FE/egg-example/node_modules/egg-logrotator/app/schedule/rotate_by_file.js
2017-06-15 10:50:37,150 INFO 44153 [egg-static] starting static serve /public/ -> /Applications/邓肯21/FE/egg-example/app/public
2017-06-15 10:50:37,155 INFO 44153 [egg-security] use csrf middleware
2017-06-15 10:50:37,157 INFO 44153 [egg-security] use methodnoallow middleware
2017-06-15 10:50:37,157 INFO 44153 [egg-security] use noopen middleware
2017-06-15 10:50:37,158 INFO 44153 [egg-security] use nosniff middleware
2017-06-15 10:50:37,159 INFO 44153 [egg-security] use xssProtection middleware
2017-06-15 10:50:37,160 INFO 44153 [egg-security] use xframe middleware
2017-06-15 10:50:37,160 INFO 44153 [egg-security] compose 6 middlewares into one security middleware
2017-06-15 10:50:37,245 INFO 44153 [egg-watcher:app] watcher start success
2017-06-15 10:51:39,252 INFO 44159 [egg:logger] init all loggers with options: {"dir":"/Applications/邓肯21/FE/egg-example/logs/goddess","encoding":"utf8","env":"local","level":"INFO","consoleLevel":"INFO","outputJSON":false,"buffer":true,"appLogName":"goddess-web.log","coreLogName":"egg-web.log","agentLogName":"egg-agent.log","errorLogName":"common-error.log","coreLogger":{"consoleLevel":"WARN"},"type":"application"}
2017-06-15 10:51:39,318 INFO 44159 [egg-schedule]: register schedule egg-schedule:/Applications/邓肯21/FE/egg-example/node_modules/egg-logrotator/app/schedule/clean_log.js
2017-06-15 10:51:39,318 INFO 44159 [egg-schedule]: register schedule egg-schedule:/Applications/邓肯21/FE/egg-example/node_modules/egg-logrotator/app/schedule/rotate_by_file.js
2017-06-15 10:51:39,420 INFO 44159 [egg-static] starting static serve /public/ -> /Applications/邓肯21/FE/egg-example/app/public
2017-06-15 10:51:39,426 INFO 44159 [egg-security] use csrf middleware
2017-06-15 10:51:39,430 INFO 44159 [egg-security] use methodnoallow middleware
2017-06-15 10:51:39,432 INFO 44159 [egg-security] use noopen middleware
2017-06-15 10:51:39,433 INFO 44159 [egg-security] use nosniff middleware
2017-06-15 10:51:39,434 INFO 44159 [egg-security] use xssProtection middleware
2017-06-15 10:51:39,436 INFO 44159 [egg-security] use xframe middleware
2017-06-15 10:51:39,436 INFO 44159 [egg-security] compose 6 middlewares into one security middleware
2017-06-15 10:51:39,506 INFO 44159 [egg-watcher:app] watcher start success
2017-06-15 10:52:42,088 INFO 44166 [egg:logger] init all loggers with options: {"dir":"/Applications/邓肯21/FE/egg-example/logs/goddess","encoding":"utf8","env":"local","level":"INFO","consoleLevel":"INFO","outputJSON":false,"buffer":true,"appLogName":"goddess-web.log","coreLogName":"egg-web.log","agentLogName":"egg-agent.log","errorLogName":"common-error.log","coreLogger":{"consoleLevel":"WARN"},"type":"application"}
2017-06-15 10:52:42,141 INFO 44166 [egg-schedule]: register schedule egg-schedule:/Applications/邓肯21/FE/egg-example/node_modules/egg-logrotator/app/schedule/clean_log.js
2017-06-15 10:52:42,141 INFO 44166 [egg-schedule]: register schedule egg-schedule:/Applications/邓肯21/FE/egg-example/node_modules/egg-logrotator/app/schedule/rotate_by_file.js
2017-06-15 10:52:42,213 INFO 44166 [egg-static] starting static serve /public/ -> /Applications/邓肯21/FE/egg-example/app/public
2017-06-15 10:52:42,215 INFO 44166 [egg-security] use csrf middleware
2017-06-15 10:52:42,217 INFO 44166 [egg-security] use methodnoallow middleware
2017-06-15 10:52:42,217 INFO 44166 [egg-security] use noopen middleware
2017-06-15 10:52:42,218 INFO 44166 [egg-security] use nosniff middleware
2017-06-15 10:52:42,219 INFO 44166 [egg-security] use xssProtection middleware
2017-06-15 10:52:42,220 INFO 44166 [egg-security] use xframe middleware
2017-06-15 10:52:42,220 INFO 44166 [egg-security] compose 6 middlewares into one security middleware
2017-06-15 10:52:42,262 INFO 44166 [egg-watcher:app] watcher start success
2017-06-15 10:52:44,739 INFO 44168 [egg:logger] init all loggers with options: {"dir":"/Applications/邓肯21/FE/egg-example/logs/goddess","encoding":"utf8","env":"local","level":"INFO","consoleLevel":"INFO","outputJSON":false,"buffer":true,"appLogName":"goddess-web.log","coreLogName":"egg-web.log","agentLogName":"egg-agent.log","errorLogName":"common-error.log","coreLogger":{"consoleLevel":"WARN"},"type":"application"}
2017-06-15 10:52:44,795 INFO 44168 [egg-schedule]: register schedule egg-schedule:/Applications/邓肯21/FE/egg-example/node_modules/egg-logrotator/app/schedule/clean_log.js
2017-06-15 10:52:44,796 INFO 44168 [egg-schedule]: register schedule egg-schedule:/Applications/邓肯21/FE/egg-example/node_modules/egg-logrotator/app/schedule/rotate_by_file.js
2017-06-15 10:52:44,852 INFO 44168 [egg-static] starting static serve /public/ -> /Applications/邓肯21/FE/egg-example/app/public
2017-06-15 10:52:44,854 INFO 44168 [egg-security] use csrf middleware
2017-06-15 10:52:44,855 INFO 44168 [egg-security] use methodnoallow middleware
2017-06-15 10:52:44,856 INFO 44168 [egg-security] use noopen middleware
2017-06-15 10:52:44,856 INFO 44168 [egg-security] use nosniff middleware
2017-06-15 10:52:44,856 INFO 44168 [egg-security] use xssProtection middleware
2017-06-15 10:52:44,857 INFO 44168 [egg-security] use xframe middleware
2017-06-15 10:52:44,857 INFO 44168 [egg-security] compose 6 middlewares into one security middleware
2017-06-15 10:52:44,898 INFO 44168 [egg-watcher:app] watcher start success
2017-06-15 10:53:12,501 INFO 44173 [egg:logger] init all loggers with options: {"dir":"/Applications/邓肯21/FE/egg-example/logs/goddess","encoding":"utf8","env":"local","level":"INFO","consoleLevel":"INFO","outputJSON":false,"buffer":true,"appLogName":"goddess-web.log","coreLogName":"egg-web.log","agentLogName":"egg-agent.log","errorLogName":"common-error.log","coreLogger":{"consoleLevel":"WARN"},"type":"application"}
2017-06-15 10:53:12,555 INFO 44173 [egg-schedule]: register schedule egg-schedule:/Applications/邓肯21/FE/egg-example/node_modules/egg-logrotator/app/schedule/clean_log.js
2017-06-15 10:53:12,555 INFO 44173 [egg-schedule]: register schedule egg-schedule:/Applications/邓肯21/FE/egg-example/node_modules/egg-logrotator/app/schedule/rotate_by_file.js
2017-06-15 10:53:12,623 INFO 44173 [egg-static] starting static serve /public/ -> /Applications/邓肯21/FE/egg-example/app/public
2017-06-15 10:53:12,627 INFO 44173 [egg-security] use csrf middleware
2017-06-15 10:53:12,628 INFO 44173 [egg-security] use methodnoallow middleware
2017-06-15 10:53:12,629 INFO 44173 [egg-security] use noopen middleware
2017-06-15 10:53:12,629 INFO 44173 [egg-security] use nosniff middleware
2017-06-15 10:53:12,630 INFO 44173 [egg-security] use xssProtection middleware
2017-06-15 10:53:12,631 INFO 44173 [egg-security] use xframe middleware
2017-06-15 10:53:12,631 INFO 44173 [egg-security] compose 6 middlewares into one security middleware
2017-06-15 10:53:12,679 INFO 44173 [egg-watcher:app] watcher start success
2017-06-15 10:54:11,175 INFO 44178 [egg:logger] init all loggers with options: {"dir":"/Applications/邓肯21/FE/egg-example/logs/goddess","encoding":"utf8","env":"local","level":"INFO","consoleLevel":"INFO","outputJSON":false,"buffer":true,"appLogName":"goddess-web.log","coreLogName":"egg-web.log","agentLogName":"egg-agent.log","errorLogName":"common-error.log","coreLogger":{"consoleLevel":"WARN"},"type":"application"}
2017-06-15 10:54:11,324 INFO 44178 [egg-schedule]: register schedule egg-schedule:/Applications/邓肯21/FE/egg-example/node_modules/egg-logrotator/app/schedule/clean_log.js
2017-06-15 10:54:11,324 INFO 44178 [egg-schedule]: register schedule egg-schedule:/Applications/邓肯21/FE/egg-example/node_modules/egg-logrotator/app/schedule/rotate_by_file.js
2017-06-15 10:54:11,445 INFO 44178 [egg-static] starting static serve /public/ -> /Applications/邓肯21/FE/egg-example/app/public
2017-06-15 10:54:11,449 INFO 44178 [egg-security] use csrf middleware
2017-06-15 10:54:11,450 INFO 44178 [egg-security] use methodnoallow middleware
2017-06-15 10:54:11,451 INFO 44178 [egg-security] use noopen middleware
2017-06-15 10:54:11,452 INFO 44178 [egg-security] use nosniff middleware
2017-06-15 10:54:11,453 INFO 44178 [egg-security] use xssProtection middleware
2017-06-15 10:54:11,454 INFO 44178 [egg-security] use xframe middleware
2017-06-15 10:54:11,454 INFO 44178 [egg-security] compose 6 middlewares into one security middleware
2017-06-15 10:54:11,526 INFO 44178 [egg-watcher:app] watcher start success
2017-06-15 10:54:22,630 INFO 44179 [egg:logger] init all loggers with options: {"dir":"/Applications/邓肯21/FE/egg-example/logs/goddess","encoding":"utf8","env":"local","level":"INFO","consoleLevel":"INFO","outputJSON":false,"buffer":true,"appLogName":"goddess-web.log","coreLogName":"egg-web.log","agentLogName":"egg-agent.log","errorLogName":"common-error.log","coreLogger":{"consoleLevel":"WARN"},"type":"application"}
2017-06-15 10:54:22,673 INFO 44179 [egg-schedule]: register schedule egg-schedule:/Applications/邓肯21/FE/egg-example/node_modules/egg-logrotator/app/schedule/clean_log.js
2017-06-15 10:54:22,674 INFO 44179 [egg-schedule]: register schedule egg-schedule:/Applications/邓肯21/FE/egg-example/node_modules/egg-logrotator/app/schedule/rotate_by_file.js
2017-06-15 10:54:22,720 INFO 44179 [egg-static] starting static serve /public/ -> /Applications/邓肯21/FE/egg-example/app/public
2017-06-15 10:54:22,727 INFO 44179 [egg-security] use csrf middleware
2017-06-15 10:54:22,728 INFO 44179 [egg-security] use methodnoallow middleware
2017-06-15 10:54:22,729 INFO 44179 [egg-security] use noopen middleware
2017-06-15 10:54:22,730 INFO 44179 [egg-security] use nosniff middleware
2017-06-15 10:54:22,730 INFO 44179 [egg-security] use xssProtection middleware
2017-06-15 10:54:22,731 INFO 44179 [egg-security] use xframe middleware
2017-06-15 10:54:22,731 INFO 44179 [egg-security] compose 6 middlewares into one security middleware
2017-06-15 10:54:22,799 INFO 44179 [egg-watcher:app] watcher start success
2017-06-15 10:55:26,150 INFO 44185 [egg:logger] init all loggers with options: {"dir":"/Applications/邓肯21/FE/egg-example/logs/goddess","encoding":"utf8","env":"local","level":"INFO","consoleLevel":"INFO","outputJSON":false,"buffer":true,"appLogName":"goddess-web.log","coreLogName":"egg-web.log","agentLogName":"egg-agent.log","errorLogName":"common-error.log","coreLogger":{"consoleLevel":"WARN"},"type":"application"}
2017-06-15 10:55:26,207 INFO 44185 [egg-schedule]: register schedule egg-schedule:/Applications/邓肯21/FE/egg-example/node_modules/egg-logrotator/app/schedule/clean_log.js
2017-06-15 10:55:26,207 INFO 44185 [egg-schedule]: register schedule egg-schedule:/Applications/邓肯21/FE/egg-example/node_modules/egg-logrotator/app/schedule/rotate_by_file.js
2017-06-15 10:55:26,280 INFO 44185 [egg-static] starting static serve /public/ -> /Applications/邓肯21/FE/egg-example/app/public
2017-06-15 10:55:26,284 INFO 44185 [egg-security] use csrf middleware
2017-06-15 10:55:26,286 INFO 44185 [egg-security] use methodnoallow middleware
2017-06-15 10:55:26,287 INFO 44185 [egg-security] use noopen middleware
2017-06-15 10:55:26,288 INFO 44185 [egg-security] use nosniff middleware
2017-06-15 10:55:26,288 INFO 44185 [egg-security] use xssProtection middleware
2017-06-15 10:55:26,289 INFO 44185 [egg-security] use xframe middleware
2017-06-15 10:55:26,289 INFO 44185 [egg-security] compose 6 middlewares into one security middleware
2017-06-15 10:55:26,338 INFO 44185 [egg-watcher:app] watcher start success
2017-06-15 10:55:43,106 INFO 44186 [egg:logger] init all loggers with options: {"dir":"/Applications/邓肯21/FE/egg-example/logs/goddess","encoding":"utf8","env":"local","level":"INFO","consoleLevel":"INFO","outputJSON":false,"buffer":true,"appLogName":"goddess-web.log","coreLogName":"egg-web.log","agentLogName":"egg-agent.log","errorLogName":"common-error.log","coreLogger":{"consoleLevel":"WARN"},"type":"application"}
2017-06-15 10:55:43,168 INFO 44186 [egg-schedule]: register schedule egg-schedule:/Applications/邓肯21/FE/egg-example/node_modules/egg-logrotator/app/schedule/clean_log.js
2017-06-15 10:55:43,168 INFO 44186 [egg-schedule]: register schedule egg-schedule:/Applications/邓肯21/FE/egg-example/node_modules/egg-logrotator/app/schedule/rotate_by_file.js
2017-06-15 10:55:43,228 INFO 44186 [egg-static] starting static serve /public/ -> /Applications/邓肯21/FE/egg-example/app/public
2017-06-15 10:55:43,232 INFO 44186 [egg-security] use csrf middleware
2017-06-15 10:55:43,233 INFO 44186 [egg-security] use methodnoallow middleware
2017-06-15 10:55:43,233 INFO 44186 [egg-security] use noopen middleware
2017-06-15 10:55:43,233 INFO 44186 [egg-security] use nosniff middleware
2017-06-15 10:55:43,235 INFO 44186 [egg-security] use xssProtection middleware
2017-06-15 10:55:43,236 INFO 44186 [egg-security] use xframe middleware
2017-06-15 10:55:43,236 INFO 44186 [egg-security] compose 6 middlewares into one security middleware
2017-06-15 10:55:43,298 INFO 44186 [egg-watcher:app] watcher start success
2017-06-15 10:55:59,771 INFO 44191 [egg:logger] init all loggers with options: {"dir":"/Applications/邓肯21/FE/egg-example/logs/goddess","encoding":"utf8","env":"local","level":"INFO","consoleLevel":"INFO","outputJSON":false,"buffer":true,"appLogName":"goddess-web.log","coreLogName":"egg-web.log","agentLogName":"egg-agent.log","errorLogName":"common-error.log","coreLogger":{"consoleLevel":"WARN"},"type":"application"}
2017-06-15 10:55:59,821 INFO 44191 [egg-schedule]: register schedule egg-schedule:/Applications/邓肯21/FE/egg-example/node_modules/egg-logrotator/app/schedule/clean_log.js
2017-06-15 10:55:59,822 INFO 44191 [egg-schedule]: register schedule egg-schedule:/Applications/邓肯21/FE/egg-example/node_modules/egg-logrotator/app/schedule/rotate_by_file.js
2017-06-15 10:55:59,874 INFO 44191 [egg-static] starting static serve /public/ -> /Applications/邓肯21/FE/egg-example/app/public
2017-06-15 10:55:59,877 INFO 44191 [egg-security] use csrf middleware
2017-06-15 10:55:59,878 INFO 44191 [egg-security] use methodnoallow middleware
2017-06-15 10:55:59,878 INFO 44191 [egg-security] use noopen middleware
2017-06-15 10:55:59,879 INFO 44191 [egg-security] use nosniff middleware
2017-06-15 10:55:59,879 INFO 44191 [egg-security] use xssProtection middleware
2017-06-15 10:55:59,880 INFO 44191 [egg-security] use xframe middleware
2017-06-15 10:55:59,880 INFO 44191 [egg-security] compose 6 middlewares into one security middleware
2017-06-15 10:55:59,923 INFO 44191 [egg-watcher:app] watcher start success
2017-06-15 11:45:04,527 INFO 45668 [egg:logger] init all loggers with options: {"dir":"/Applications/邓肯21/FE/egg-example/logs/goddess","encoding":"utf8","env":"local","level":"INFO","consoleLevel":"INFO","outputJSON":false,"buffer":true,"appLogName":"goddess-web.log","coreLogName":"egg-web.log","agentLogName":"egg-agent.log","errorLogName":"common-error.log","coreLogger":{"consoleLevel":"WARN"},"type":"application"}
2017-06-15 11:45:04,592 INFO 45668 [egg-schedule]: register schedule egg-schedule:/Applications/邓肯21/FE/egg-example/node_modules/egg-logrotator/app/schedule/clean_log.js
2017-06-15 11:45:04,592 INFO 45668 [egg-schedule]: register schedule egg-schedule:/Applications/邓肯21/FE/egg-example/node_modules/egg-logrotator/app/schedule/rotate_by_file.js
2017-06-15 11:45:04,676 INFO 45668 [egg-static] starting static serve /public/ -> /Applications/邓肯21/FE/egg-example/app/public
2017-06-15 11:45:04,679 INFO 45668 [egg-security] use csrf middleware
2017-06-15 11:45:04,680 INFO 45668 [egg-security] use methodnoallow middleware
2017-06-15 11:45:04,682 INFO 45668 [egg-security] use noopen middleware
2017-06-15 11:45:04,683 INFO 45668 [egg-security] use nosniff middleware
2017-06-15 11:45:04,684 INFO 45668 [egg-security] use xssProtection middleware
2017-06-15 11:45:04,685 INFO 45668 [egg-security] use xframe middleware
2017-06-15 11:45:04,685 INFO 45668 [egg-security] compose 6 middlewares into one security middleware
2017-06-15 11:45:04,750 INFO 45668 [egg-watcher:app] watcher start success
2017-06-15 11:45:59,947 INFO 45675 [egg:logger] init all loggers with options: {"dir":"/Applications/邓肯21/FE/egg-example/logs/goddess","encoding":"utf8","env":"local","level":"INFO","consoleLevel":"INFO","outputJSON":false,"buffer":true,"appLogName":"goddess-web.log","coreLogName":"egg-web.log","agentLogName":"egg-agent.log","errorLogName":"common-error.log","coreLogger":{"consoleLevel":"WARN"},"type":"application"}
2017-06-15 11:45:59,999 INFO 45675 [egg-schedule]: register schedule egg-schedule:/Applications/邓肯21/FE/egg-example/node_modules/egg-logrotator/app/schedule/clean_log.js
2017-06-15 11:45:59,999 INFO 45675 [egg-schedule]: register schedule egg-schedule:/Applications/邓肯21/FE/egg-example/node_modules/egg-logrotator/app/schedule/rotate_by_file.js
2017-06-15 11:46:00,056 INFO 45675 [egg-static] starting static serve /public/ -> /Applications/邓肯21/FE/egg-example/app/public
2017-06-15 11:46:00,059 INFO 45675 [egg-security] use csrf middleware
2017-06-15 11:46:00,060 INFO 45675 [egg-security] use methodnoallow middleware
2017-06-15 11:46:00,061 INFO 45675 [egg-security] use noopen middleware
2017-06-15 11:46:00,061 INFO 45675 [egg-security] use nosniff middleware
2017-06-15 11:46:00,062 INFO 45675 [egg-security] use xssProtection middleware
2017-06-15 11:46:00,063 INFO 45675 [egg-security] use xframe middleware
2017-06-15 11:46:00,063 INFO 45675 [egg-security] compose 6 middlewares into one security middleware
2017-06-15 11:46:00,116 INFO 45675 [egg-watcher:app] watcher start success
2017-06-15 11:46:39,848 INFO 45677 [egg:logger] init all loggers with options: {"dir":"/Applications/邓肯21/FE/egg-example/logs/goddess","encoding":"utf8","env":"local","level":"INFO","consoleLevel":"INFO","outputJSON":false,"buffer":true,"appLogName":"goddess-web.log","coreLogName":"egg-web.log","agentLogName":"egg-agent.log","errorLogName":"common-error.log","coreLogger":{"consoleLevel":"WARN"},"type":"application"}
2017-06-15 11:46:39,960 INFO 45677 [egg-schedule]: register schedule egg-schedule:/Applications/邓肯21/FE/egg-example/node_modules/egg-logrotator/app/schedule/clean_log.js
2017-06-15 11:46:39,960 INFO 45677 [egg-schedule]: register schedule egg-schedule:/Applications/邓肯21/FE/egg-example/node_modules/egg-logrotator/app/schedule/rotate_by_file.js
2017-06-15 11:46:40,039 INFO 45677 [egg-static] starting static serve /public/ -> /Applications/邓肯21/FE/egg-example/app/public
2017-06-15 11:46:40,044 INFO 45677 [egg-security] use csrf middleware
2017-06-15 11:46:40,046 INFO 45677 [egg-security] use methodnoallow middleware
2017-06-15 11:46:40,047 INFO 45677 [egg-security] use noopen middleware
2017-06-15 11:46:40,048 INFO 45677 [egg-security] use nosniff middleware
2017-06-15 11:46:40,049 INFO 45677 [egg-security] use xssProtection middleware
2017-06-15 11:46:40,050 INFO 45677 [egg-security] use xframe middleware
2017-06-15 11:46:40,050 INFO 45677 [egg-security] compose 6 middlewares into one security middleware
2017-06-15 11:46:40,100 INFO 45677 [egg-watcher:app] watcher start success
2017-06-15 11:47:43,240 INFO 45683 [egg:logger] init all loggers with options: {"dir":"/Applications/邓肯21/FE/egg-example/logs/goddess","encoding":"utf8","env":"local","level":"INFO","consoleLevel":"INFO","outputJSON":false,"buffer":true,"appLogName":"goddess-web.log","coreLogName":"egg-web.log","agentLogName":"egg-agent.log","errorLogName":"common-error.log","coreLogger":{"consoleLevel":"WARN"},"type":"application"}
2017-06-15 11:47:43,315 INFO 45683 [egg-schedule]: register schedule egg-schedule:/Applications/邓肯21/FE/egg-example/node_modules/egg-logrotator/app/schedule/clean_log.js
2017-06-15 11:47:43,315 INFO 45683 [egg-schedule]: register schedule egg-schedule:/Applications/邓肯21/FE/egg-example/node_modules/egg-logrotator/app/schedule/rotate_by_file.js
2017-06-15 11:47:43,443 INFO 45683 [egg-static] starting static serve /public/ -> /Applications/邓肯21/FE/egg-example/app/public
2017-06-15 11:47:43,446 INFO 45683 [egg-security] use csrf middleware
2017-06-15 11:47:43,448 INFO 45683 [egg-security] use methodnoallow middleware
2017-06-15 11:47:43,449 INFO 45683 [egg-security] use noopen middleware
2017-06-15 11:47:43,450 INFO 45683 [egg-security] use nosniff middleware
2017-06-15 11:47:43,451 INFO 45683 [egg-security] use xssProtection middleware
2017-06-15 11:47:43,451 INFO 45683 [egg-security] use xframe middleware
2017-06-15 11:47:43,452 INFO 45683 [egg-security] compose 6 middlewares into one security middleware
2017-06-15 11:47:43,506 INFO 45683 [egg-watcher:app] watcher start success
2017-06-15 11:48:06,810 INFO 45688 [egg:logger] init all loggers with options: {"dir":"/Applications/邓肯21/FE/egg-example/logs/goddess","encoding":"utf8","env":"local","level":"INFO","consoleLevel":"INFO","outputJSON":false,"buffer":true,"appLogName":"goddess-web.log","coreLogName":"egg-web.log","agentLogName":"egg-agent.log","errorLogName":"common-error.log","coreLogger":{"consoleLevel":"WARN"},"type":"application"}
2017-06-15 11:48:06,863 INFO 45688 [egg-schedule]: register schedule egg-schedule:/Applications/邓肯21/FE/egg-example/node_modules/egg-logrotator/app/schedule/clean_log.js
2017-06-15 11:48:06,863 INFO 45688 [egg-schedule]: register schedule egg-schedule:/Applications/邓肯21/FE/egg-example/node_modules/egg-logrotator/app/schedule/rotate_by_file.js
2017-06-15 11:48:06,937 INFO 45688 [egg-static] starting static serve /public/ -> /Applications/邓肯21/FE/egg-example/app/public
2017-06-15 11:48:06,941 INFO 45688 [egg-security] use csrf middleware
2017-06-15 11:48:06,943 INFO 45688 [egg-security] use methodnoallow middleware
2017-06-15 11:48:06,943 INFO 45688 [egg-security] use noopen middleware
2017-06-15 11:48:06,944 INFO 45688 [egg-security] use nosniff middleware
2017-06-15 11:48:06,944 INFO 45688 [egg-security] use xssProtection middleware
2017-06-15 11:48:06,944 INFO 45688 [egg-security] use xframe middleware
2017-06-15 11:48:06,944 INFO 45688 [egg-security] compose 6 middlewares into one security middleware
2017-06-15 11:48:06,993 INFO 45688 [egg-watcher:app] watcher start success
2017-06-15 11:49:02,768 INFO 45695 [egg:logger] init all loggers with options: {"dir":"/Applications/邓肯21/FE/egg-example/logs/goddess","encoding":"utf8","env":"local","level":"INFO","consoleLevel":"INFO","outputJSON":false,"buffer":true,"appLogName":"goddess-web.log","coreLogName":"egg-web.log","agentLogName":"egg-agent.log","errorLogName":"common-error.log","coreLogger":{"consoleLevel":"WARN"},"type":"application"}
2017-06-15 11:49:02,840 INFO 45695 [egg-schedule]: register schedule egg-schedule:/Applications/邓肯21/FE/egg-example/node_modules/egg-logrotator/app/schedule/clean_log.js
2017-06-15 11:49:02,840 INFO 45695 [egg-schedule]: register schedule egg-schedule:/Applications/邓肯21/FE/egg-example/node_modules/egg-logrotator/app/schedule/rotate_by_file.js
2017-06-15 11:49:02,928 INFO 45695 [egg-static] starting static serve /public/ -> /Applications/邓肯21/FE/egg-example/app/public
2017-06-15 11:49:02,932 INFO 45695 [egg-security] use csrf middleware
2017-06-15 11:49:02,934 INFO 45695 [egg-security] use methodnoallow middleware
2017-06-15 11:49:02,935 INFO 45695 [egg-security] use noopen middleware
2017-06-15 11:49:02,936 INFO 45695 [egg-security] use nosniff middleware
2017-06-15 11:49:02,936 INFO 45695 [egg-security] use xssProtection middleware
2017-06-15 11:49:02,937 INFO 45695 [egg-security] use xframe middleware
2017-06-15 11:49:02,937 INFO 45695 [egg-security] compose 6 middlewares into one security middleware
2017-06-15 11:49:02,992 INFO 45695 [egg-watcher:app] watcher start success
2017-06-15 11:50:06,181 INFO 45702 [egg:logger] init all loggers with options: {"dir":"/Applications/邓肯21/FE/egg-example/logs/goddess","encoding":"utf8","env":"local","level":"INFO","consoleLevel":"INFO","outputJSON":false,"buffer":true,"appLogName":"goddess-web.log","coreLogName":"egg-web.log","agentLogName":"egg-agent.log","errorLogName":"common-error.log","coreLogger":{"consoleLevel":"WARN"},"type":"application"}
2017-06-15 11:50:06,231 INFO 45702 [egg-schedule]: register schedule egg-schedule:/Applications/邓肯21/FE/egg-example/node_modules/egg-logrotator/app/schedule/clean_log.js
2017-06-15 11:50:06,231 INFO 45702 [egg-schedule]: register schedule egg-schedule:/Applications/邓肯21/FE/egg-example/node_modules/egg-logrotator/app/schedule/rotate_by_file.js
2017-06-15 11:50:06,310 INFO 45702 [egg-static] starting static serve /public/ -> /Applications/邓肯21/FE/egg-example/app/public
2017-06-15 11:50:06,315 INFO 45702 [egg-security] use csrf middleware
2017-06-15 11:50:06,316 INFO 45702 [egg-security] use methodnoallow middleware
2017-06-15 11:50:06,317 INFO 45702 [egg-security] use noopen middleware
2017-06-15 11:50:06,317 INFO 45702 [egg-security] use nosniff middleware
2017-06-15 11:50:06,319 INFO 45702 [egg-security] use xssProtection middleware
2017-06-15 11:50:06,320 INFO 45702 [egg-security] use xframe middleware
2017-06-15 11:50:06,320 INFO 45702 [egg-security] compose 6 middlewares into one security middleware
2017-06-15 11:50:06,364 INFO 45702 [egg-watcher:app] watcher start success
2017-06-15 11:52:08,712 INFO 45726 [egg:logger] init all loggers with options: {"dir":"/Applications/邓肯21/FE/egg-example/logs/goddess","encoding":"utf8","env":"local","level":"INFO","consoleLevel":"INFO","outputJSON":false,"buffer":true,"appLogName":"goddess-web.log","coreLogName":"egg-web.log","agentLogName":"egg-agent.log","errorLogName":"common-error.log","coreLogger":{"consoleLevel":"WARN"},"type":"application"}
2017-06-15 11:52:08,762 INFO 45726 [egg-schedule]: register schedule egg-schedule:/Applications/邓肯21/FE/egg-example/node_modules/egg-logrotator/app/schedule/clean_log.js
2017-06-15 11:52:08,763 INFO 45726 [egg-schedule]: register schedule egg-schedule:/Applications/邓肯21/FE/egg-example/node_modules/egg-logrotator/app/schedule/rotate_by_file.js
2017-06-15 11:52:08,847 INFO 45726 [egg-static] starting static serve /public/ -> /Applications/邓肯21/FE/egg-example/app/public
2017-06-15 11:52:08,853 INFO 45726 [egg-security] use csrf middleware
2017-06-15 11:52:08,854 INFO 45726 [egg-security] use methodnoallow middleware
2017-06-15 11:52:08,856 INFO 45726 [egg-security] use noopen middleware
2017-06-15 11:52:08,857 INFO 45726 [egg-security] use nosniff middleware
2017-06-15 11:52:08,860 INFO 45726 [egg-security] use xssProtection middleware
2017-06-15 11:52:08,860 INFO 45726 [egg-security] use xframe middleware
2017-06-15 11:52:08,861 INFO 45726 [egg-security] compose 6 middlewares into one security middleware
2017-06-15 11:52:08,929 INFO 45726 [egg-watcher:app] watcher start success
2017-06-15 11:52:16,736 INFO 45727 [egg:logger] init all loggers with options: {"dir":"/Applications/邓肯21/FE/egg-example/logs/goddess","encoding":"utf8","env":"local","level":"INFO","consoleLevel":"INFO","outputJSON":false,"buffer":true,"appLogName":"goddess-web.log","coreLogName":"egg-web.log","agentLogName":"egg-agent.log","errorLogName":"common-error.log","coreLogger":{"consoleLevel":"WARN"},"type":"application"}
2017-06-15 11:52:16,771 INFO 45727 [egg-schedule]: register schedule egg-schedule:/Applications/邓肯21/FE/egg-example/node_modules/egg-logrotator/app/schedule/clean_log.js
2017-06-15 11:52:16,772 INFO 45727 [egg-schedule]: register schedule egg-schedule:/Applications/邓肯21/FE/egg-example/node_modules/egg-logrotator/app/schedule/rotate_by_file.js
2017-06-15 11:52:16,833 INFO 45727 [egg-static] starting static serve /public/ -> /Applications/邓肯21/FE/egg-example/app/public
2017-06-15 11:52:16,839 INFO 45727 [egg-security] use csrf middleware
2017-06-15 11:52:16,839 INFO 45727 [egg-security] use methodnoallow middleware
2017-06-15 11:52:16,840 INFO 45727 [egg-security] use noopen middleware
2017-06-15 11:52:16,840 INFO 45727 [egg-security] use nosniff middleware
2017-06-15 11:52:16,841 INFO 45727 [egg-security] use xssProtection middleware
2017-06-15 11:52:16,841 INFO 45727 [egg-security] use xframe middleware
2017-06-15 11:52:16,846 INFO 45727 [egg-security] compose 6 middlewares into one security middleware
2017-06-15 11:52:16,903 INFO 45727 [egg-watcher:app] watcher start success
2017-06-15 11:54:08,200 INFO 45727 [egg-view-nunjucks] loading templates from ["/Applications/邓肯21/FE/egg-example/app/view"]
2017-06-15 14:00:11,868 INFO 47380 [egg:logger] init all loggers with options: {"dir":"/Applications/邓肯21/FE/goddess/logs/goddess","encoding":"utf8","env":"local","level":"INFO","consoleLevel":"INFO","outputJSON":false,"buffer":true,"appLogName":"goddess-web.log","coreLogName":"egg-web.log","agentLogName":"egg-agent.log","errorLogName":"common-error.log","coreLogger":{"consoleLevel":"WARN"},"type":"application"}
2017-06-15 14:00:11,923 INFO 47380 [egg-schedule]: register schedule egg-schedule:/Applications/邓肯21/FE/goddess/node_modules/egg-logrotator/app/schedule/clean_log.js
2017-06-15 14:00:11,923 INFO 47380 [egg-schedule]: register schedule egg-schedule:/Applications/邓肯21/FE/goddess/node_modules/egg-logrotator/app/schedule/rotate_by_file.js
2017-06-15 14:00:12,048 INFO 47380 [egg-static] starting static serve /public/ -> /Applications/邓肯21/FE/goddess/app/public
2017-06-15 14:00:12,053 INFO 47380 [egg-security] use csrf middleware
2017-06-15 14:00:12,057 INFO 47380 [egg-security] use methodnoallow middleware
2017-06-15 14:00:12,058 INFO 47380 [egg-security] use noopen middleware
2017-06-15 14:00:12,060 INFO 47380 [egg-security] use nosniff middleware
2017-06-15 14:00:12,061 INFO 47380 [egg-security] use xssProtection middleware
2017-06-15 14:00:12,062 INFO 47380 [egg-security] use xframe middleware
2017-06-15 14:00:12,062 INFO 47380 [egg-security] compose 6 middlewares into one security middleware
2017-06-15 14:00:12,149 INFO 47380 [egg-watcher:app] watcher start success
2017-06-15 14:00:41,420 INFO 47380 [egg-view-nunjucks] loading templates from ["/Applications/邓肯21/FE/goddess/app/view"]
2017-06-15 14:04:02,202 INFO 47427 [egg:logger] init all loggers with options: {"dir":"/Applications/邓肯21/FE/goddess/logs/goddess","encoding":"utf8","env":"local","level":"INFO","consoleLevel":"INFO","outputJSON":false,"buffer":true,"appLogName":"goddess-web.log","coreLogName":"egg-web.log","agentLogName":"egg-agent.log","errorLogName":"common-error.log","coreLogger":{"consoleLevel":"WARN"},"type":"application"}
2017-06-15 14:04:02,244 INFO 47427 [egg-schedule]: register schedule egg-schedule:/Applications/邓肯21/FE/goddess/node_modules/egg-logrotator/app/schedule/clean_log.js
2017-06-15 14:04:02,245 INFO 47427 [egg-schedule]: register schedule egg-schedule:/Applications/邓肯21/FE/goddess/node_modules/egg-logrotator/app/schedule/rotate_by_file.js
2017-06-15 14:04:02,322 INFO 47427 [egg-static] starting static serve /public/ -> /Applications/邓肯21/FE/goddess/app/public
2017-06-15 14:04:02,325 INFO 47427 [egg-security] use csrf middleware
2017-06-15 14:04:02,326 INFO 47427 [egg-security] use methodnoallow middleware
2017-06-15 14:04:02,327 INFO 47427 [egg-security] use noopen middleware
2017-06-15 14:04:02,328 INFO 47427 [egg-security] use nosniff middleware
2017-06-15 14:04:02,329 INFO 47427 [egg-security] use xssProtection middleware
2017-06-15 14:04:02,330 INFO 47427 [egg-security] use xframe middleware
2017-06-15 14:04:02,330 INFO 47427 [egg-security] compose 6 middlewares into one security middleware
2017-06-15 14:04:02,378 INFO 47427 [egg-watcher:app] watcher start success
2017-06-15 14:04:25,286 INFO 47432 [egg:logger] init all loggers with options: {"dir":"/Applications/邓肯21/FE/goddess/logs/goddess","encoding":"utf8","env":"local","level":"INFO","consoleLevel":"INFO","outputJSON":false,"buffer":true,"appLogName":"goddess-web.log","coreLogName":"egg-web.log","agentLogName":"egg-agent.log","errorLogName":"common-error.log","coreLogger":{"consoleLevel":"WARN"},"type":"application"}
2017-06-15 14:04:25,329 INFO 47432 [egg-schedule]: register schedule egg-schedule:/Applications/邓肯21/FE/goddess/node_modules/egg-logrotator/app/schedule/clean_log.js
2017-06-15 14:04:25,329 INFO 47432 [egg-schedule]: register schedule egg-schedule:/Applications/邓肯21/FE/goddess/node_modules/egg-logrotator/app/schedule/rotate_by_file.js
2017-06-15 14:04:25,399 INFO 47432 [egg-static] starting static serve /public/ -> /Applications/邓肯21/FE/goddess/app/public
2017-06-15 14:04:25,402 INFO 47432 [egg-security] use csrf middleware
2017-06-15 14:04:25,404 INFO 47432 [egg-security] use methodnoallow middleware
2017-06-15 14:04:25,405 INFO 47432 [egg-security] use noopen middleware
2017-06-15 14:04:25,405 INFO 47432 [egg-security] use nosniff middleware
2017-06-15 14:04:25,406 INFO 47432 [egg-security] use xssProtection middleware
2017-06-15 14:04:25,407 INFO 47432 [egg-security] use xframe middleware
2017-06-15 14:04:25,407 INFO 47432 [egg-security] compose 6 middlewares into one security middleware
2017-06-15 14:04:25,466 INFO 47432 [egg-watcher:app] watcher start success
2017-06-15 14:04:34,091 INFO 47435 [egg:logger] init all loggers with options: {"dir":"/Applications/邓肯21/FE/goddess/logs/goddess","encoding":"utf8","env":"local","level":"INFO","consoleLevel":"INFO","outputJSON":false,"buffer":true,"appLogName":"goddess-web.log","coreLogName":"egg-web.log","agentLogName":"egg-agent.log","errorLogName":"common-error.log","coreLogger":{"consoleLevel":"WARN"},"type":"application"}
2017-06-15 14:04:34,183 INFO 47435 [egg-schedule]: register schedule egg-schedule:/Applications/邓肯21/FE/goddess/node_modules/egg-logrotator/app/schedule/clean_log.js
2017-06-15 14:04:34,184 INFO 47435 [egg-schedule]: register schedule egg-schedule:/Applications/邓肯21/FE/goddess/node_modules/egg-logrotator/app/schedule/rotate_by_file.js
2017-06-15 14:04:34,270 INFO 47435 [egg-static] starting static serve /public/ -> /Applications/邓肯21/FE/goddess/app/public
2017-06-15 14:04:34,276 INFO 47435 [egg-security] use csrf middleware
2017-06-15 14:04:34,280 INFO 47435 [egg-security] use methodnoallow middleware
2017-06-15 14:04:34,283 INFO 47435 [egg-security] use noopen middleware
2017-06-15 14:04:34,284 INFO 47435 [egg-security] use nosniff middleware
2017-06-15 14:04:34,285 INFO 47435 [egg-security] use xssProtection middleware
2017-06-15 14:04:34,286 INFO 47435 [egg-security] use xframe middleware
2017-06-15 14:04:34,286 INFO 47435 [egg-security] compose 6 middlewares into one security middleware
2017-06-15 14:04:34,352 INFO 47435 [egg-watcher:app] watcher start success
2017-06-15 14:04:46,203 INFO 47444 [egg:logger] init all loggers with options: {"dir":"/Applications/邓肯21/FE/goddess/logs/goddess","encoding":"utf8","env":"local","level":"INFO","consoleLevel":"INFO","outputJSON":false,"buffer":true,"appLogName":"goddess-web.log","coreLogName":"egg-web.log","agentLogName":"egg-agent.log","errorLogName":"common-error.log","coreLogger":{"consoleLevel":"WARN"},"type":"application"}
2017-06-15 14:04:46,261 INFO 47444 [egg-schedule]: register schedule egg-schedule:/Applications/邓肯21/FE/goddess/node_modules/egg-logrotator/app/schedule/clean_log.js
2017-06-15 14:04:46,261 INFO 47444 [egg-schedule]: register schedule egg-schedule:/Applications/邓肯21/FE/goddess/node_modules/egg-logrotator/app/schedule/rotate_by_file.js
2017-06-15 14:04:46,371 INFO 47444 [egg-static] starting static serve /public/ -> /Applications/邓肯21/FE/goddess/app/public
2017-06-15 14:04:46,374 INFO 47444 [egg-security] use csrf middleware
2017-06-15 14:04:46,375 INFO 47444 [egg-security] use methodnoallow middleware
2017-06-15 14:04:46,377 INFO 47444 [egg-security] use noopen middleware
2017-06-15 14:04:46,377 INFO 47444 [egg-security] use nosniff middleware
2017-06-15 14:04:46,378 INFO 47444 [egg-security] use xssProtection middleware
2017-06-15 14:04:46,379 INFO 47444 [egg-security] use xframe middleware
2017-06-15 14:04:46,379 INFO 47444 [egg-security] compose 6 middlewares into one security middleware
2017-06-15 14:04:46,427 INFO 47444 [egg-watcher:app] watcher start success
2017-06-15 14:04:48,752 INFO 47449 [egg:logger] init all loggers with options: {"dir":"/Applications/邓肯21/FE/goddess/logs/goddess","encoding":"utf8","env":"local","level":"INFO","consoleLevel":"INFO","outputJSON":false,"buffer":true,"appLogName":"goddess-web.log","coreLogName":"egg-web.log","agentLogName":"egg-agent.log","errorLogName":"common-error.log","coreLogger":{"consoleLevel":"WARN"},"type":"application"}
2017-06-15 14:04:48,792 INFO 47449 [egg-schedule]: register schedule egg-schedule:/Applications/邓肯21/FE/goddess/node_modules/egg-logrotator/app/schedule/clean_log.js
2017-06-15 14:04:48,792 INFO 47449 [egg-schedule]: register schedule egg-schedule:/Applications/邓肯21/FE/goddess/node_modules/egg-logrotator/app/schedule/rotate_by_file.js
2017-06-15 14:04:48,868 INFO 47449 [egg-static] starting static serve /public/ -> /Applications/邓肯21/FE/goddess/app/public
2017-06-15 14:04:48,871 INFO 47449 [egg-security] use csrf middleware
2017-06-15 14:04:48,872 INFO 47449 [egg-security] use methodnoallow middleware
2017-06-15 14:04:48,872 INFO 47449 [egg-security] use noopen middleware
2017-06-15 14:04:48,873 INFO 47449 [egg-security] use nosniff middleware
2017-06-15 14:04:48,875 INFO 47449 [egg-security] use xssProtection middleware
2017-06-15 14:04:48,877 INFO 47449 [egg-security] use xframe middleware
2017-06-15 14:04:48,878 INFO 47449 [egg-security] compose 6 middlewares into one security middleware
2017-06-15 14:04:48,935 INFO 47449 [egg-watcher:app] watcher start success
2017-06-15 14:05:05,016 INFO 47455 [egg:logger] init all loggers with options: {"dir":"/Applications/邓肯21/FE/goddess/logs/goddess","encoding":"utf8","env":"local","level":"INFO","consoleLevel":"INFO","outputJSON":false,"buffer":true,"appLogName":"goddess-web.log","coreLogName":"egg-web.log","agentLogName":"egg-agent.log","errorLogName":"common-error.log","coreLogger":{"consoleLevel":"WARN"},"type":"application"}
2017-06-15 14:05:05,055 INFO 47455 [egg-schedule]: register schedule egg-schedule:/Applications/邓肯21/FE/goddess/node_modules/egg-logrotator/app/schedule/clean_log.js
2017-06-15 14:05:05,055 INFO 47455 [egg-schedule]: register schedule egg-schedule:/Applications/邓肯21/FE/goddess/node_modules/egg-logrotator/app/schedule/rotate_by_file.js
2017-06-15 14:05:05,118 INFO 47455 [egg-static] starting static serve /public/ -> /Applications/邓肯21/FE/goddess/app/public
2017-06-15 14:05:05,121 INFO 47455 [egg-security] use csrf middleware
2017-06-15 14:05:05,122 INFO 47455 [egg-security] use methodnoallow middleware
2017-06-15 14:05:05,122 INFO 47455 [egg-security] use noopen middleware
2017-06-15 14:05:05,123 INFO 47455 [egg-security] use nosniff middleware
2017-06-15 14:05:05,124 INFO 47455 [egg-security] use xssProtection middleware
2017-06-15 14:05:05,125 INFO 47455 [egg-security] use xframe middleware
2017-06-15 14:05:05,125 INFO 47455 [egg-security] compose 6 middlewares into one security middleware
2017-06-15 14:05:05,167 INFO 47455 [egg-watcher:app] watcher start success
2017-06-15 14:05:11,915 INFO 47457 [egg:logger] init all loggers with options: {"dir":"/Applications/邓肯21/FE/goddess/logs/goddess","encoding":"utf8","env":"local","level":"INFO","consoleLevel":"INFO","outputJSON":false,"buffer":true,"appLogName":"goddess-web.log","coreLogName":"egg-web.log","agentLogName":"egg-agent.log","errorLogName":"common-error.log","coreLogger":{"consoleLevel":"WARN"},"type":"application"}
2017-06-15 14:05:11,965 INFO 47457 [egg-schedule]: register schedule egg-schedule:/Applications/邓肯21/FE/goddess/node_modules/egg-logrotator/app/schedule/clean_log.js
2017-06-15 14:05:11,966 INFO 47457 [egg-schedule]: register schedule egg-schedule:/Applications/邓肯21/FE/goddess/node_modules/egg-logrotator/app/schedule/rotate_by_file.js
2017-06-15 14:05:12,031 INFO 47457 [egg-static] starting static serve /public/ -> /Applications/邓肯21/FE/goddess/app/public
2017-06-15 14:05:12,034 INFO 47457 [egg-security] use csrf middleware
2017-06-15 14:05:12,035 INFO 47457 [egg-security] use methodnoallow middleware
2017-06-15 14:05:12,036 INFO 47457 [egg-security] use noopen middleware
2017-06-15 14:05:12,036 INFO 47457 [egg-security] use nosniff middleware
2017-06-15 14:05:12,037 INFO 47457 [egg-security] use xssProtection middleware
2017-06-15 14:05:12,040 INFO 47457 [egg-security] use xframe middleware
2017-06-15 14:05:12,040 INFO 47457 [egg-security] compose 6 middlewares into one security middleware
2017-06-15 14:05:12,133 INFO 47457 [egg-watcher:app] watcher start success
2017-06-15 14:05:15,310 INFO 47460 [egg:logger] init all loggers with options: {"dir":"/Applications/邓肯21/FE/goddess/logs/goddess","encoding":"utf8","env":"local","level":"INFO","consoleLevel":"INFO","outputJSON":false,"buffer":true,"appLogName":"goddess-web.log","coreLogName":"egg-web.log","agentLogName":"egg-agent.log","errorLogName":"common-error.log","coreLogger":{"consoleLevel":"WARN"},"type":"application"}
2017-06-15 14:05:15,354 INFO 47460 [egg-schedule]: register schedule egg-schedule:/Applications/邓肯21/FE/goddess/node_modules/egg-logrotator/app/schedule/clean_log.js
2017-06-15 14:05:15,354 INFO 47460 [egg-schedule]: register schedule egg-schedule:/Applications/邓肯21/FE/goddess/node_modules/egg-logrotator/app/schedule/rotate_by_file.js
2017-06-15 14:05:15,402 INFO 47460 [egg-static] starting static serve /public/ -> /Applications/邓肯21/FE/goddess/app/public
2017-06-15 14:05:15,405 INFO 47460 [egg-security] use csrf middleware
2017-06-15 14:05:15,405 INFO 47460 [egg-security] use methodnoallow middleware
2017-06-15 14:05:15,406 INFO 47460 [egg-security] use noopen middleware
2017-06-15 14:05:15,406 INFO 47460 [egg-security] use nosniff middleware
2017-06-15 14:05:15,407 INFO 47460 [egg-security] use xssProtection middleware
2017-06-15 14:05:15,407 INFO 47460 [egg-security] use xframe middleware
2017-06-15 14:05:15,407 INFO 47460 [egg-security] compose 6 middlewares into one security middleware
2017-06-15 14:05:15,451 INFO 47460 [egg-watcher:app] watcher start success
2017-06-15 14:05:33,326 INFO 47462 [egg:logger] init all loggers with options: {"dir":"/Applications/邓肯21/FE/goddess/logs/goddess","encoding":"utf8","env":"local","level":"INFO","consoleLevel":"INFO","outputJSON":false,"buffer":true,"appLogName":"goddess-web.log","coreLogName":"egg-web.log","agentLogName":"egg-agent.log","errorLogName":"common-error.log","coreLogger":{"consoleLevel":"WARN"},"type":"application"}
2017-06-15 14:05:33,368 INFO 47462 [egg-schedule]: register schedule egg-schedule:/Applications/邓肯21/FE/goddess/node_modules/egg-logrotator/app/schedule/clean_log.js
2017-06-15 14:05:33,368 INFO 47462 [egg-schedule]: register schedule egg-schedule:/Applications/邓肯21/FE/goddess/node_modules/egg-logrotator/app/schedule/rotate_by_file.js
2017-06-15 14:05:33,461 INFO 47462 [egg-static] starting static serve /public/ -> /Applications/邓肯21/FE/goddess/app/public
2017-06-15 14:05:33,465 INFO 47462 [egg-security] use csrf middleware
2017-06-15 14:05:33,466 INFO 47462 [egg-security] use methodnoallow middleware
2017-06-15 14:05:33,467 INFO 47462 [egg-security] use noopen middleware
2017-06-15 14:05:33,468 INFO 47462 [egg-security] use nosniff middleware
2017-06-15 14:05:33,469 INFO 47462 [egg-security] use xssProtection middleware
2017-06-15 14:05:33,470 INFO 47462 [egg-security] use xframe middleware
2017-06-15 14:05:33,470 INFO 47462 [egg-security] compose 6 middlewares into one security middleware
2017-06-15 14:05:33,516 INFO 47462 [egg-watcher:app] watcher start success
2017-06-15 14:05:37,394 INFO 47466 [egg:logger] init all loggers with options: {"dir":"/Applications/邓肯21/FE/goddess/logs/goddess","encoding":"utf8","env":"local","level":"INFO","consoleLevel":"INFO","outputJSON":false,"buffer":true,"appLogName":"goddess-web.log","coreLogName":"egg-web.log","agentLogName":"egg-agent.log","errorLogName":"common-error.log","coreLogger":{"consoleLevel":"WARN"},"type":"application"}
2017-06-15 14:05:37,433 INFO 47466 [egg-schedule]: register schedule egg-schedule:/Applications/邓肯21/FE/goddess/node_modules/egg-logrotator/app/schedule/clean_log.js
2017-06-15 14:05:37,433 INFO 47466 [egg-schedule]: register schedule egg-schedule:/Applications/邓肯21/FE/goddess/node_modules/egg-logrotator/app/schedule/rotate_by_file.js
2017-06-15 14:05:37,504 INFO 47466 [egg-static] starting static serve /public/ -> /Applications/邓肯21/FE/goddess/app/public
2017-06-15 14:05:37,507 INFO 47466 [egg-security] use csrf middleware
2017-06-15 14:05:37,507 INFO 47466 [egg-security] use methodnoallow middleware
2017-06-15 14:05:37,508 INFO 47466 [egg-security] use noopen middleware
2017-06-15 14:05:37,508 INFO 47466 [egg-security] use nosniff middleware
2017-06-15 14:05:37,509 INFO 47466 [egg-security] use xssProtection middleware
2017-06-15 14:05:37,509 INFO 47466 [egg-security] use xframe middleware
2017-06-15 14:05:37,509 INFO 47466 [egg-security] compose 6 middlewares into one security middleware
2017-06-15 14:05:37,575 INFO 47466 [egg-watcher:app] watcher start success
2017-06-15 14:06:01,417 INFO 47474 [egg:logger] init all loggers with options: {"dir":"/Applications/邓肯21/FE/goddess/logs/goddess","encoding":"utf8","env":"local","level":"INFO","consoleLevel":"INFO","outputJSON":false,"buffer":true,"appLogName":"goddess-web.log","coreLogName":"egg-web.log","agentLogName":"egg-agent.log","errorLogName":"common-error.log","coreLogger":{"consoleLevel":"WARN"},"type":"application"}
2017-06-15 14:06:01,459 INFO 47474 [egg-schedule]: register schedule egg-schedule:/Applications/邓肯21/FE/goddess/node_modules/egg-logrotator/app/schedule/clean_log.js
2017-06-15 14:06:01,460 INFO 47474 [egg-schedule]: register schedule egg-schedule:/Applications/邓肯21/FE/goddess/node_modules/egg-logrotator/app/schedule/rotate_by_file.js
2017-06-15 14:06:01,510 INFO 47474 [egg-static] starting static serve /public/ -> /Applications/邓肯21/FE/goddess/app/public
2017-06-15 14:06:01,513 INFO 47474 [egg-security] use csrf middleware
2017-06-15 14:06:01,514 INFO 47474 [egg-security] use methodnoallow middleware
2017-06-15 14:06:01,514 INFO 47474 [egg-security] use noopen middleware
2017-06-15 14:06:01,515 INFO 47474 [egg-security] use nosniff middleware
2017-06-15 14:06:01,515 INFO 47474 [egg-security] use xssProtection middleware
2017-06-15 14:06:01,515 INFO 47474 [egg-security] use xframe middleware
2017-06-15 14:06:01,516 INFO 47474 [egg-security] compose 6 middlewares into one security middleware
2017-06-15 14:06:01,581 INFO 47474 [egg-watcher:app] watcher start success
2017-06-15 14:06:10,783 INFO 47476 [egg:logger] init all loggers with options: {"dir":"/Applications/邓肯21/FE/goddess/logs/goddess","encoding":"utf8","env":"local","level":"INFO","consoleLevel":"INFO","outputJSON":false,"buffer":true,"appLogName":"goddess-web.log","coreLogName":"egg-web.log","agentLogName":"egg-agent.log","errorLogName":"common-error.log","coreLogger":{"consoleLevel":"WARN"},"type":"application"}
2017-06-15 14:06:10,819 INFO 47476 [egg-schedule]: register schedule egg-schedule:/Applications/邓肯21/FE/goddess/node_modules/egg-logrotator/app/schedule/clean_log.js
2017-06-15 14:06:10,819 INFO 47476 [egg-schedule]: register schedule egg-schedule:/Applications/邓肯21/FE/goddess/node_modules/egg-logrotator/app/schedule/rotate_by_file.js
2017-06-15 14:06:10,883 INFO 47476 [egg-static] starting static serve /public/ -> /Applications/邓肯21/FE/goddess/app/public
2017-06-15 14:06:10,888 INFO 47476 [egg-security] use csrf middleware
2017-06-15 14:06:10,889 INFO 47476 [egg-security] use methodnoallow middleware
2017-06-15 14:06:10,889 INFO 47476 [egg-security] use noopen middleware
2017-06-15 14:06:10,890 INFO 47476 [egg-security] use nosniff middleware
2017-06-15 14:06:10,890 INFO 47476 [egg-security] use xssProtection middleware
2017-06-15 14:06:10,891 INFO 47476 [egg-security] use xframe middleware
2017-06-15 14:06:10,891 INFO 47476 [egg-security] compose 6 middlewares into one security middleware
2017-06-15 14:06:10,957 INFO 47476 [egg-watcher:app] watcher start success
2017-06-15 14:07:51,541 INFO 47476 [egg-view-nunjucks] loading templates from ["/Applications/邓肯21/FE/goddess/app/view"]
2017-06-15 14:10:48,840 INFO 47516 [egg:logger] init all loggers with options: {"dir":"/Applications/邓肯21/FE/goddess/logs/goddess","encoding":"utf8","env":"local","level":"INFO","consoleLevel":"INFO","outputJSON":false,"buffer":true,"appLogName":"goddess-web.log","coreLogName":"egg-web.log","agentLogName":"egg-agent.log","errorLogName":"common-error.log","coreLogger":{"consoleLevel":"WARN"},"type":"application"}
2017-06-15 14:10:48,889 INFO 47516 [egg-schedule]: register schedule egg-schedule:/Applications/邓肯21/FE/goddess/node_modules/egg-logrotator/app/schedule/clean_log.js
2017-06-15 14:10:48,890 INFO 47516 [egg-schedule]: register schedule egg-schedule:/Applications/邓肯21/FE/goddess/node_modules/egg-logrotator/app/schedule/rotate_by_file.js
2017-06-15 14:10:48,983 INFO 47516 [egg-static] starting static serve /public/ -> /Applications/邓肯21/FE/goddess/app/public
2017-06-15 14:10:48,989 INFO 47516 [egg-security] use csrf middleware
2017-06-15 14:10:48,990 INFO 47516 [egg-security] use methodnoallow middleware
2017-06-15 14:10:48,991 INFO 47516 [egg-security] use noopen middleware
2017-06-15 14:10:48,991 INFO 47516 [egg-security] use nosniff middleware
2017-06-15 14:10:48,992 INFO 47516 [egg-security] use xssProtection middleware
2017-06-15 14:10:48,993 INFO 47516 [egg-security] use xframe middleware
2017-06-15 14:10:48,993 INFO 47516 [egg-security] compose 6 middlewares into one security middleware
2017-06-15 14:10:49,070 INFO 47516 [egg-watcher:app] watcher start success
2017-06-15 14:11:16,393 INFO 47527 [egg:logger] init all loggers with options: {"dir":"/Applications/邓肯21/FE/goddess/logs/goddess","encoding":"utf8","env":"local","level":"INFO","consoleLevel":"INFO","outputJSON":false,"buffer":true,"appLogName":"goddess-web.log","coreLogName":"egg-web.log","agentLogName":"egg-agent.log","errorLogName":"common-error.log","coreLogger":{"consoleLevel":"WARN"},"type":"application"}
2017-06-15 14:11:16,438 INFO 47527 [egg-schedule]: register schedule egg-schedule:/Applications/邓肯21/FE/goddess/node_modules/egg-logrotator/app/schedule/clean_log.js
2017-06-15 14:11:16,439 INFO 47527 [egg-schedule]: register schedule egg-schedule:/Applications/邓肯21/FE/goddess/node_modules/egg-logrotator/app/schedule/rotate_by_file.js
2017-06-15 14:11:16,502 INFO 47527 [egg-static] starting static serve /public/ -> /Applications/邓肯21/FE/goddess/app/public
2017-06-15 14:11:16,505 INFO 47527 [egg-security] use csrf middleware
2017-06-15 14:11:16,505 INFO 47527 [egg-security] use methodnoallow middleware
2017-06-15 14:11:16,506 INFO 47527 [egg-security] use noopen middleware
2017-06-15 14:11:16,507 INFO 47527 [egg-security] use nosniff middleware
2017-06-15 14:11:16,507 INFO 47527 [egg-security] use xssProtection middleware
2017-06-15 14:11:16,508 INFO 47527 [egg-security] use xframe middleware
2017-06-15 14:11:16,508 INFO 47527 [egg-security] compose 6 middlewares into one security middleware
2017-06-15 14:11:16,575 INFO 47527 [egg-watcher:app] watcher start success
2017-06-15 14:11:35,000 INFO 47531 [egg:logger] init all loggers with options: {"dir":"/Applications/邓肯21/FE/goddess/logs/goddess","encoding":"utf8","env":"local","level":"INFO","consoleLevel":"INFO","outputJSON":false,"buffer":true,"appLogName":"goddess-web.log","coreLogName":"egg-web.log","agentLogName":"egg-agent.log","errorLogName":"common-error.log","coreLogger":{"consoleLevel":"WARN"},"type":"application"}
2017-06-15 14:11:35,036 INFO 47531 [egg-schedule]: register schedule egg-schedule:/Applications/邓肯21/FE/goddess/node_modules/egg-logrotator/app/schedule/clean_log.js
2017-06-15 14:11:35,036 INFO 47531 [egg-schedule]: register schedule egg-schedule:/Applications/邓肯21/FE/goddess/node_modules/egg-logrotator/app/schedule/rotate_by_file.js
2017-06-15 14:11:35,098 INFO 47531 [egg-static] starting static serve /public/ -> /Applications/邓肯21/FE/goddess/app/public
2017-06-15 14:11:35,102 INFO 47531 [egg-security] use csrf middleware
2017-06-15 14:11:35,104 INFO 47531 [egg-security] use methodnoallow middleware
2017-06-15 14:11:35,105 INFO 47531 [egg-security] use noopen middleware
2017-06-15 14:11:35,106 INFO 47531 [egg-security] use nosniff middleware
2017-06-15 14:11:35,107 INFO 47531 [egg-security] use xssProtection middleware
2017-06-15 14:11:35,107 INFO 47531 [egg-security] use xframe middleware
2017-06-15 14:11:35,107 INFO 47531 [egg-security] compose 6 middlewares into one security middleware
2017-06-15 14:11:35,157 INFO 47531 [egg-watcher:app] watcher start success
2017-06-15 14:11:52,415 INFO 47537 [egg:logger] init all loggers with options: {"dir":"/Applications/邓肯21/FE/goddess/logs/goddess","encoding":"utf8","env":"local","level":"INFO","consoleLevel":"INFO","outputJSON":false,"buffer":true,"appLogName":"goddess-web.log","coreLogName":"egg-web.log","agentLogName":"egg-agent.log","errorLogName":"common-error.log","coreLogger":{"consoleLevel":"WARN"},"type":"application"}
2017-06-15 14:11:52,460 INFO 47537 [egg-schedule]: register schedule egg-schedule:/Applications/邓肯21/FE/goddess/node_modules/egg-logrotator/app/schedule/clean_log.js
2017-06-15 14:11:52,460 INFO 47537 [egg-schedule]: register schedule egg-schedule:/Applications/邓肯21/FE/goddess/node_modules/egg-logrotator/app/schedule/rotate_by_file.js
2017-06-15 14:11:52,545 INFO 47537 [egg-static] starting static serve /public/ -> /Applications/邓肯21/FE/goddess/app/public
2017-06-15 14:11:52,548 INFO 47537 [egg-security] use csrf middleware
2017-06-15 14:11:52,551 INFO 47537 [egg-security] use methodnoallow middleware
2017-06-15 14:11:52,551 INFO 47537 [egg-security] use noopen middleware
2017-06-15 14:11:52,552 INFO 47537 [egg-security] use nosniff middleware
2017-06-15 14:11:52,553 INFO 47537 [egg-security] use xssProtection middleware
2017-06-15 14:11:52,553 INFO 47537 [egg-security] use xframe middleware
2017-06-15 14:11:52,553 INFO 47537 [egg-security] compose 6 middlewares into one security middleware
2017-06-15 14:11:52,622 INFO 47537 [egg-watcher:app] watcher start success
2017-06-15 14:11:53,520 INFO 47538 [egg:logger] init all loggers with options: {"dir":"/Applications/邓肯21/FE/goddess/logs/goddess","encoding":"utf8","env":"local","level":"INFO","consoleLevel":"INFO","outputJSON":false,"buffer":true,"appLogName":"goddess-web.log","coreLogName":"egg-web.log","agentLogName":"egg-agent.log","errorLogName":"common-error.log","coreLogger":{"consoleLevel":"WARN"},"type":"application"}
2017-06-15 14:11:53,559 INFO 47538 [egg-schedule]: register schedule egg-schedule:/Applications/邓肯21/FE/goddess/node_modules/egg-logrotator/app/schedule/clean_log.js
2017-06-15 14:11:53,559 INFO 47538 [egg-schedule]: register schedule egg-schedule:/Applications/邓肯21/FE/goddess/node_modules/egg-logrotator/app/schedule/rotate_by_file.js
2017-06-15 14:11:53,633 INFO 47538 [egg-static] starting static serve /public/ -> /Applications/邓肯21/FE/goddess/app/public
2017-06-15 14:11:53,636 INFO 47538 [egg-security] use csrf middleware
2017-06-15 14:11:53,639 INFO 47538 [egg-security] use methodnoallow middleware
2017-06-15 14:11:53,639 INFO 47538 [egg-security] use noopen middleware
2017-06-15 14:11:53,640 INFO 47538 [egg-security] use nosniff middleware
2017-06-15 14:11:53,640 INFO 47538 [egg-security] use xssProtection middleware
2017-06-15 14:11:53,640 INFO 47538 [egg-security] use xframe middleware
2017-06-15 14:11:53,640 INFO 47538 [egg-security] compose 6 middlewares into one security middleware
2017-06-15 14:11:53,698 INFO 47538 [egg-watcher:app] watcher start success
2017-06-15 14:13:20,254 INFO 47551 [egg:logger] init all loggers with options: {"dir":"/Applications/邓肯21/FE/goddess/logs/goddess","encoding":"utf8","env":"local","level":"INFO","consoleLevel":"INFO","outputJSON":false,"buffer":true,"appLogName":"goddess-web.log","coreLogName":"egg-web.log","agentLogName":"egg-agent.log","errorLogName":"common-error.log","coreLogger":{"consoleLevel":"WARN"},"type":"application"}
2017-06-15 14:13:20,321 INFO 47551 [egg-schedule]: register schedule egg-schedule:/Applications/邓肯21/FE/goddess/node_modules/egg-logrotator/app/schedule/clean_log.js
2017-06-15 14:13:20,321 INFO 47551 [egg-schedule]: register schedule egg-schedule:/Applications/邓肯21/FE/goddess/node_modules/egg-logrotator/app/schedule/rotate_by_file.js
2017-06-15 14:13:20,453 INFO 47551 [egg-static] starting static serve /public/ -> /Applications/邓肯21/FE/goddess/app/public
2017-06-15 14:13:20,456 INFO 47551 [egg-security] use csrf middleware
2017-06-15 14:13:20,459 INFO 47551 [egg-security] use methodnoallow middleware
2017-06-15 14:13:20,460 INFO 47551 [egg-security] use noopen middleware
2017-06-15 14:13:20,461 INFO 47551 [egg-security] use nosniff middleware
2017-06-15 14:13:20,461 INFO 47551 [egg-security] use xssProtection middleware
2017-06-15 14:13:20,462 INFO 47551 [egg-security] use xframe middleware
2017-06-15 14:13:20,462 INFO 47551 [egg-security] compose 6 middlewares into one security middleware
2017-06-15 14:13:20,523 INFO 47551 [egg-watcher:app] watcher start success
2017-06-15 14:13:37,383 INFO 47554 [egg:logger] init all loggers with options: {"dir":"/Applications/邓肯21/FE/goddess/logs/goddess","encoding":"utf8","env":"local","level":"INFO","consoleLevel":"INFO","outputJSON":false,"buffer":true,"appLogName":"goddess-web.log","coreLogName":"egg-web.log","agentLogName":"egg-agent.log","errorLogName":"common-error.log","coreLogger":{"consoleLevel":"WARN"},"type":"application"}
2017-06-15 14:13:37,418 INFO 47554 [egg-schedule]: register schedule egg-schedule:/Applications/邓肯21/FE/goddess/node_modules/egg-logrotator/app/schedule/clean_log.js
2017-06-15 14:13:37,418 INFO 47554 [egg-schedule]: register schedule egg-schedule:/Applications/邓肯21/FE/goddess/node_modules/egg-logrotator/app/schedule/rotate_by_file.js
2017-06-15 14:13:37,497 INFO 47554 [egg-static] starting static serve /public/ -> /Applications/邓肯21/FE/goddess/app/public
2017-06-15 14:13:37,500 INFO 47554 [egg-security] use csrf middleware
2017-06-15 14:13:37,502 INFO 47554 [egg-security] use methodnoallow middleware
2017-06-15 14:13:37,503 INFO 47554 [egg-security] use noopen middleware
2017-06-15 14:13:37,503 INFO 47554 [egg-security] use nosniff middleware
2017-06-15 14:13:37,504 INFO 47554 [egg-security] use xssProtection middleware
2017-06-15 14:13:37,505 INFO 47554 [egg-security] use xframe middleware
2017-06-15 14:13:37,505 INFO 47554 [egg-security] compose 6 middlewares into one security middleware
2017-06-15 14:13:37,575 INFO 47554 [egg-watcher:app] watcher start success
2017-06-15 14:15:57,635 INFO 47576 [egg:logger] init all loggers with options: {"dir":"/Applications/邓肯21/FE/goddess/logs/goddess","encoding":"utf8","env":"local","level":"INFO","consoleLevel":"INFO","outputJSON":false,"buffer":true,"appLogName":"goddess-web.log","coreLogName":"egg-web.log","agentLogName":"egg-agent.log","errorLogName":"common-error.log","coreLogger":{"consoleLevel":"WARN"},"type":"application"}
2017-06-15 14:15:57,681 INFO 47576 [egg-schedule]: register schedule egg-schedule:/Applications/邓肯21/FE/goddess/node_modules/egg-logrotator/app/schedule/clean_log.js
2017-06-15 14:15:57,682 INFO 47576 [egg-schedule]: register schedule egg-schedule:/Applications/邓肯21/FE/goddess/node_modules/egg-logrotator/app/schedule/rotate_by_file.js
2017-06-15 14:15:57,767 INFO 47576 [egg-static] starting static serve /public/ -> /Applications/邓肯21/FE/goddess/app/public
2017-06-15 14:15:57,770 INFO 47576 [egg-security] use csrf middleware
2017-06-15 14:15:57,771 INFO 47576 [egg-security] use methodnoallow middleware
2017-06-15 14:15:57,772 INFO 47576 [egg-security] use noopen middleware
2017-06-15 14:15:57,773 INFO 47576 [egg-security] use nosniff middleware
2017-06-15 14:15:57,773 INFO 47576 [egg-security] use xssProtection middleware
2017-06-15 14:15:57,774 INFO 47576 [egg-security] use xframe middleware
2017-06-15 14:15:57,774 INFO 47576 [egg-security] compose 6 middlewares into one security middleware
2017-06-15 14:15:57,818 INFO 47576 [egg-watcher:app] watcher start success
2017-06-15 14:16:00,156 INFO 47578 [egg:logger] init all loggers with options: {"dir":"/Applications/邓肯21/FE/goddess/logs/goddess","encoding":"utf8","env":"local","level":"INFO","consoleLevel":"INFO","outputJSON":false,"buffer":true,"appLogName":"goddess-web.log","coreLogName":"egg-web.log","agentLogName":"egg-agent.log","errorLogName":"common-error.log","coreLogger":{"consoleLevel":"WARN"},"type":"application"}
2017-06-15 14:16:00,188 INFO 47578 [egg-schedule]: register schedule egg-schedule:/Applications/邓肯21/FE/goddess/node_modules/egg-logrotator/app/schedule/clean_log.js
2017-06-15 14:16:00,189 INFO 47578 [egg-schedule]: register schedule egg-schedule:/Applications/邓肯21/FE/goddess/node_modules/egg-logrotator/app/schedule/rotate_by_file.js
2017-06-15 14:16:00,251 INFO 47578 [egg-static] starting static serve /public/ -> /Applications/邓肯21/FE/goddess/app/public
2017-06-15 14:16:00,254 INFO 47578 [egg-security] use csrf middleware
2017-06-15 14:16:00,255 INFO 47578 [egg-security] use methodnoallow middleware
2017-06-15 14:16:00,255 INFO 47578 [egg-security] use noopen middleware
2017-06-15 14:16:00,256 INFO 47578 [egg-security] use nosniff middleware
2017-06-15 14:16:00,256 INFO 47578 [egg-security] use xssProtection middleware
2017-06-15 14:16:00,256 INFO 47578 [egg-security] use xframe middleware
2017-06-15 14:16:00,257 INFO 47578 [egg-security] compose 6 middlewares into one security middleware
2017-06-15 14:16:00,312 INFO 47578 [egg-watcher:app] watcher start success
2017-06-15 14:16:16,038 INFO 47580 [egg:logger] init all loggers with options: {"dir":"/Applications/邓肯21/FE/goddess/logs/goddess","encoding":"utf8","env":"local","level":"INFO","consoleLevel":"INFO","outputJSON":false,"buffer":true,"appLogName":"goddess-web.log","coreLogName":"egg-web.log","agentLogName":"egg-agent.log","errorLogName":"common-error.log","coreLogger":{"consoleLevel":"WARN"},"type":"application"}
2017-06-15 14:16:16,079 INFO 47580 [egg-schedule]: register schedule egg-schedule:/Applications/邓肯21/FE/goddess/node_modules/egg-logrotator/app/schedule/clean_log.js
2017-06-15 14:16:16,080 INFO 47580 [egg-schedule]: register schedule egg-schedule:/Applications/邓肯21/FE/goddess/node_modules/egg-logrotator/app/schedule/rotate_by_file.js
2017-06-15 14:16:16,131 INFO 47580 [egg-static] starting static serve /public/ -> /Applications/邓肯21/FE/goddess/app/public
2017-06-15 14:16:16,134 INFO 47580 [egg-security] use csrf middleware
2017-06-15 14:16:16,135 INFO 47580 [egg-security] use methodnoallow middleware
2017-06-15 14:16:16,135 INFO 47580 [egg-security] use noopen middleware
2017-06-15 14:16:16,136 INFO 47580 [egg-security] use nosniff middleware
2017-06-15 14:16:16,136 INFO 47580 [egg-security] use xssProtection middleware
2017-06-15 14:16:16,137 INFO 47580 [egg-security] use xframe middleware
2017-06-15 14:16:16,137 INFO 47580 [egg-security] compose 6 middlewares into one security middleware
2017-06-15 14:16:16,187 INFO 47580 [egg-watcher:app] watcher start success
2017-06-15 14:16:22,414 INFO 47580 [egg-view-nunjucks] loading templates from ["/Applications/邓肯21/FE/goddess/app/view"]
